gc: collectable <dict 0x7f9073302b40>
gc: collectable <type 0x342b1c0>
gc: collectable <tuple 0x7f90732f96e0>
gc: collectable <dict 0x7f9073313eb0>
gc: collectable <type 0x343d000>
gc: collectable <getset_descriptor 0x7f9073317140>
gc: collectable <getset_descriptor 0x7f9073317190>
gc: collectable <tuple 0x7f9073313f50>
gc: collectable <dict 0x7f907322c870>
gc: collectable <type 0x348f2d0>
gc: collectable <getset_descriptor 0x7f907322c8c0>
gc: collectable <getset_descriptor 0x7f907322c910>
gc: collectable <tuple 0x7f907322c460>
[32m[2021-11-07 11:01:29,245] [    INFO][0m - Already cached /mnt/home/kwc/.paddlenlp/models/ernie-2.0-en/vocab.txt[0m
gc: collectable <dict 0x7f909ec0c280>
gc: collectable <dict 0x7f909ec0c320>
gc: collectable <list 0x7f9072e85500>
gc: collectable <list 0x7f90730a83c0>
gc: collectable <list 0x7f9072e8da50>
gc: collectable <_ArgumentGroup 0x7f909ec31350>
gc: collectable <dict 0x7f9072e8d780>
gc: collectable <list 0x7f9072e8d7d0>
gc: collectable <list 0x7f9072e8d640>
gc: collectable <function 0x7f90731194d0>
gc: collectable <dict 0x7f9072e8d3c0>
gc: collectable <list 0x7f9072e8d690>
gc: collectable <_HelpAction 0x7f909ec06bd0>
gc: collectable <dict 0x7f9072e8d820>
gc: collectable <HelpFormatter 0x7f909ec06950>
gc: collectable <_Section 0x7f909ec06c90>
gc: collectable <dict 0x7f9072e8d370>
gc: collectable <list 0x7f9072e8d460>
gc: collectable <dict 0x7f9072e8d5a0>
gc: collectable <dict 0x7f90730a5fa0>
gc: collectable <list 0x7f9072e8dcd0>
gc: collectable <_StoreAction 0x7f90730f6c10>
gc: collectable <dict 0x7f909ec70c30>
gc: collectable <HelpFormatter 0x7f90730f6bd0>
gc: collectable <_Section 0x7f9072e89c90>
gc: collectable <dict 0x7f9072e8dd20>
gc: collectable <list 0x7f9072e8d410>
gc: collectable <dict 0x7f9072e8d320>
gc: collectable <list 0x7f9072e8d730>
gc: collectable <_StoreAction 0x7f9072e89cd0>
gc: collectable <dict 0x7f9072e8db90>
gc: collectable <HelpFormatter 0x7f9072e89f50>
gc: collectable <_Section 0x7f9072e89f90>
gc: collectable <dict 0x7f9072e8d5f0>
gc: collectable <list 0x7f9072e8d960>
gc: collectable <dict 0x7f9072e8d6e0>
gc: collectable <list 0x7f9072e8d910>
gc: collectable <_StoreAction 0x7f9072e89fd0>
gc: collectable <dict 0x7f9072e8dbe0>
gc: collectable <HelpFormatter 0x7f9072e91050>
gc: collectable <_Section 0x7f9072e91090>
gc: collectable <dict 0x7f9072e8dc30>
gc: collectable <list 0x7f9072e8d8c0>
gc: collectable <dict 0x7f9072e8dc80>
gc: collectable <list 0x7f9072e8ddc0>
gc: collectable <_StoreAction 0x7f9072e910d0>
gc: collectable <dict 0x7f9072e8de10>
gc: collectable <HelpFormatter 0x7f9072e91150>
gc: collectable <_Section 0x7f9072e91190>
gc: collectable <dict 0x7f9072e8df00>
gc: collectable <list 0x7f9072e8d500>
gc: collectable <dict 0x7f9072e8de60>
gc: collectable <list 0x7f9072e8df50>
gc: collectable <_StoreAction 0x7f9072e91290>
gc: collectable <dict 0x7f9072e8deb0>
gc: collectable <HelpFormatter 0x7f9072e912d0>
gc: collectable <_Section 0x7f9072e91310>
gc: collectable <dict 0x7f9072e920f0>
gc: collectable <list 0x7f9072e8dfa0>
gc: collectable <dict 0x7f9072e92050>
gc: collectable <list 0x7f9072e92140>
gc: collectable <_StoreAction 0x7f9072e91350>
gc: collectable <dict 0x7f9072e920a0>
gc: collectable <HelpFormatter 0x7f9072e913d0>
gc: collectable <_Section 0x7f9072e91410>
gc: collectable <dict 0x7f9072e92280>
gc: collectable <list 0x7f9072e92190>
gc: collectable <dict 0x7f9072e921e0>
gc: collectable <list 0x7f9072e922d0>
gc: collectable <_StoreAction 0x7f9072e91450>
gc: collectable <dict 0x7f9072e92230>
gc: collectable <HelpFormatter 0x7f9072e914d0>
gc: collectable <_Section 0x7f9072e91510>
gc: collectable <dict 0x7f9072e92410>
gc: collectable <list 0x7f9072e92320>
gc: collectable <dict 0x7f9072e92370>
gc: collectable <list 0x7f9072e92460>
gc: collectable <_StoreAction 0x7f9072e91550>
gc: collectable <dict 0x7f9072e923c0>
gc: collectable <HelpFormatter 0x7f9072e915d0>
gc: collectable <_Section 0x7f9072e91610>
gc: collectable <dict 0x7f9072e925a0>
gc: collectable <list 0x7f9072e924b0>
gc: collectable <dict 0x7f9072e92500>
gc: collectable <list 0x7f9072e925f0>
gc: collectable <_StoreAction 0x7f9072e91210>
gc: collectable <dict 0x7f9072e92550>
gc: collectable <HelpFormatter 0x7f9072e91690>
gc: collectable <_Section 0x7f9072e91650>
gc: collectable <dict 0x7f9072e92730>
gc: collectable <list 0x7f9072e92640>
gc: collectable <dict 0x7f9072e92690>
gc: collectable <list 0x7f9072e92780>
gc: collectable <_StoreAction 0x7f9072e916d0>
gc: collectable <dict 0x7f9072e926e0>
gc: collectable <HelpFormatter 0x7f9072e91750>
gc: collectable <_Section 0x7f9072e91790>
gc: collectable <dict 0x7f9072e928c0>
gc: collectable <list 0x7f9072e927d0>
gc: collectable <dict 0x7f9072e92820>
gc: collectable <list 0x7f9072e92910>
gc: collectable <_StoreAction 0x7f9072e91810>
gc: collectable <dict 0x7f9072e92870>
gc: collectable <HelpFormatter 0x7f9072e917d0>
gc: collectable <_Section 0x7f9072e91850>
gc: collectable <dict 0x7f9072e92aa0>
gc: collectable <list 0x7f9072e92960>
gc: collectable <dict 0x7f9072e92a00>
gc: collectable <list 0x7f9072e92af0>
gc: collectable <_StoreAction 0x7f9072e91890>
gc: collectable <dict 0x7f9072e92a50>
gc: collectable <HelpFormatter 0x7f9072e91910>
gc: collectable <_Section 0x7f9072e91950>
gc: collectable <dict 0x7f9072e92c30>
gc: collectable <list 0x7f9072e92b40>
gc: collectable <dict 0x7f9072e92b90>
gc: collectable <list 0x7f9072e92c80>
gc: collectable <_StoreAction 0x7f9072e919d0>
gc: collectable <dict 0x7f9072e92be0>
gc: collectable <HelpFormatter 0x7f9072e91990>
gc: collectable <_Section 0x7f9072e91a10>
gc: collectable <dict 0x7f9072e92e10>
gc: collectable <list 0x7f9072e92cd0>
gc: collectable <dict 0x7f9072e92d70>
gc: collectable <list 0x7f9072e92e60>
gc: collectable <_StoreAction 0x7f9072e91a50>
gc: collectable <dict 0x7f9072e92dc0>
gc: collectable <HelpFormatter 0x7f9072e91ad0>
gc: collectable <_Section 0x7f9072e91b10>
gc: collectable <dict 0x7f9072e92fa0>
gc: collectable <list 0x7f9072e92eb0>
gc: collectable <dict 0x7f9072e92f00>
gc: collectable <list 0x7f9072e14050>
gc: collectable <_StoreAction 0x7f9072e91b50>
gc: collectable <dict 0x7f9072e92f50>
gc: collectable <HelpFormatter 0x7f9072e91bd0>
gc: collectable <_Section 0x7f9072e91c10>
gc: collectable <dict 0x7f9072e14190>
gc: collectable <list 0x7f9072e140a0>
gc: collectable <dict 0x7f9072e140f0>
gc: collectable <list 0x7f9072e141e0>
gc: collectable <_StoreAction 0x7f9072e91c50>
gc: collectable <dict 0x7f9072e14140>
gc: collectable <HelpFormatter 0x7f9072e91cd0>
gc: collectable <_Section 0x7f9072e91d10>
gc: collectable <dict 0x7f9072e14320>
gc: collectable <list 0x7f9072e14230>
gc: collectable <dict 0x7f9072e14280>
gc: collectable <list 0x7f9072e14370>
gc: collectable <list 0x7f9072e143c0>
gc: collectable <_StoreAction 0x7f9072e91d50>
gc: collectable <dict 0x7f9072e142d0>
gc: collectable <HelpFormatter 0x7f9072e91dd0>
gc: collectable <_Section 0x7f9072e91e10>
gc: collectable <dict 0x7f9072e14500>
gc: collectable <list 0x7f9072e14410>
gc: collectable <dict 0x7f9072e14460>
gc: collectable <list 0x7f9072e14550>
gc: collectable <_StoreFalseAction 0x7f9072e91e50>
gc: collectable <dict 0x7f9072e144b0>
gc: collectable <HelpFormatter 0x7f9072e91e90>
gc: collectable <_Section 0x7f9072e91f10>
gc: collectable <dict 0x7f9072e146e0>
gc: collectable <list 0x7f9072e145a0>
gc: collectable <dict 0x7f9072e145f0>
gc: collectable <list 0x7f9072e14730>
gc: collectable <_StoreTrueAction 0x7f9072e91f90>
gc: collectable <dict 0x7f9072e14640>
gc: collectable <HelpFormatter 0x7f9072e91fd0>
gc: collectable <_Section 0x7f9072e15050>
gc: collectable <dict 0x7f9072e14870>
gc: collectable <list 0x7f9072e14690>
gc: collectable <dict 0x7f9072e14780>
[32m[2021-11-07 11:01:29,389] [    INFO][0m - Already cached /mnt/home/kwc/.paddlenlp/models/ernie-2.0-en/ernie_v2_eng_base.pdparams[0m
W1107 11:01:29.390853 1103577 device_context.cc:447] Please NOTE: device: 0, GPU Compute Capability: 7.5, Driver API Version: 11.0, Runtime API Version: 10.2
W1107 11:01:29.395006 1103577 device_context.cc:465] device: 0, cuDNN Version: 8.0.
slurmstepd-asimov-209: error: *** JOB 7741899 ON asimov-209 CANCELLED AT 2021-11-07T23:01:40 DUE TO TIME LIMIT ***
