gc: collectable <dict 0x7f4570199b40>
gc: collectable <type 0x2f0c1b0>
gc: collectable <tuple 0x7f45701906e0>
gc: collectable <dict 0x7f45701aaeb0>
gc: collectable <type 0x2f1e140>
gc: collectable <getset_descriptor 0x7f45701af140>
gc: collectable <getset_descriptor 0x7f45701af190>
gc: collectable <tuple 0x7f45701aaf50>
gc: collectable <dict 0x7f45700c3820>
gc: collectable <type 0x2f70410>
gc: collectable <getset_descriptor 0x7f45700c3870>
gc: collectable <getset_descriptor 0x7f45700c38c0>
gc: collectable <tuple 0x7f45700c3410>
[32m[2021-11-07 10:35:02,288] [    INFO][0m - Already cached /mnt/home/kwc/.paddlenlp/models/ernie-2.0-en/vocab.txt[0m
gc: collectable <dict 0x7f458788d230>
gc: collectable <dict 0x7f458788d2d0>
gc: collectable <list 0x7f455fae6500>
gc: collectable <list 0x7f455fd09370>
gc: collectable <list 0x7f455faeea50>
gc: collectable <_ArgumentGroup 0x7f455fae8ed0>
gc: collectable <dict 0x7f455faee780>
gc: collectable <list 0x7f455faee7d0>
gc: collectable <list 0x7f455faee640>
gc: collectable <function 0x7f455fd7a4d0>
gc: collectable <dict 0x7f455faee3c0>
gc: collectable <list 0x7f455faee690>
gc: collectable <_HelpAction 0x7f4584dfe5d0>
gc: collectable <dict 0x7f455faee820>
gc: collectable <HelpFormatter 0x7f455fd55ed0>
gc: collectable <_Section 0x7f455fd55e90>
gc: collectable <dict 0x7f455faee370>
gc: collectable <list 0x7f455faee460>
gc: collectable <dict 0x7f455faee5a0>
gc: collectable <dict 0x7f455fd06f50>
gc: collectable <list 0x7f455faeecd0>
gc: collectable <_StoreAction 0x7f4587887ad0>
gc: collectable <dict 0x7f45878f1be0>
gc: collectable <HelpFormatter 0x7f4587887b90>
gc: collectable <_Section 0x7f4587887e10>
gc: collectable <dict 0x7f455faeed20>
gc: collectable <list 0x7f455faee410>
gc: collectable <dict 0x7f455faee320>
gc: collectable <list 0x7f455faee730>
gc: collectable <_StoreAction 0x7f4587887d50>
gc: collectable <dict 0x7f455faeeb90>
gc: collectable <HelpFormatter 0x7f455faf0110>
gc: collectable <_Section 0x7f455faf0190>
gc: collectable <dict 0x7f455faee5f0>
gc: collectable <list 0x7f455faee960>
gc: collectable <dict 0x7f455faee6e0>
gc: collectable <list 0x7f455faee910>
gc: collectable <_StoreAction 0x7f455faf0210>
gc: collectable <dict 0x7f455faeebe0>
gc: collectable <HelpFormatter 0x7f455faf01d0>
gc: collectable <_Section 0x7f455faf0250>
gc: collectable <dict 0x7f455faeec30>
gc: collectable <list 0x7f455faee8c0>
gc: collectable <dict 0x7f455faeec80>
gc: collectable <list 0x7f455faeedc0>
gc: collectable <_StoreAction 0x7f455faf0290>
gc: collectable <dict 0x7f455faeee10>
gc: collectable <HelpFormatter 0x7f455faf0310>
gc: collectable <_Section 0x7f455faf0350>
gc: collectable <dict 0x7f455faeef00>
gc: collectable <list 0x7f455faee500>
gc: collectable <dict 0x7f455faeee60>
gc: collectable <list 0x7f455faeef50>
gc: collectable <_StoreAction 0x7f455faf0450>
gc: collectable <dict 0x7f455faeeeb0>
gc: collectable <HelpFormatter 0x7f455faf0490>
gc: collectable <_Section 0x7f455faf04d0>
gc: collectable <dict 0x7f455faf30f0>
gc: collectable <list 0x7f455faeefa0>
gc: collectable <dict 0x7f455faf3050>
gc: collectable <list 0x7f455faf3140>
gc: collectable <_StoreAction 0x7f455faf0510>
gc: collectable <dict 0x7f455faf30a0>
gc: collectable <HelpFormatter 0x7f455faf0590>
gc: collectable <_Section 0x7f455faf05d0>
gc: collectable <dict 0x7f455faf3280>
gc: collectable <list 0x7f455faf3190>
gc: collectable <dict 0x7f455faf31e0>
gc: collectable <list 0x7f455faf32d0>
gc: collectable <_StoreAction 0x7f455faf0610>
gc: collectable <dict 0x7f455faf3230>
gc: collectable <HelpFormatter 0x7f455faf0690>
gc: collectable <_Section 0x7f455faf06d0>
gc: collectable <dict 0x7f455faf3410>
gc: collectable <list 0x7f455faf3320>
gc: collectable <dict 0x7f455faf3370>
gc: collectable <list 0x7f455faf3460>
gc: collectable <_StoreAction 0x7f455faf0710>
gc: collectable <dict 0x7f455faf33c0>
gc: collectable <HelpFormatter 0x7f455faf0790>
gc: collectable <_Section 0x7f455faf07d0>
gc: collectable <dict 0x7f455faf35a0>
gc: collectable <list 0x7f455faf34b0>
gc: collectable <dict 0x7f455faf3500>
gc: collectable <list 0x7f455faf35f0>
gc: collectable <_StoreAction 0x7f455faf03d0>
gc: collectable <dict 0x7f455faf3550>
gc: collectable <HelpFormatter 0x7f455faf0850>
gc: collectable <_Section 0x7f455faf0810>
gc: collectable <dict 0x7f455faf3730>
gc: collectable <list 0x7f455faf3640>
gc: collectable <dict 0x7f455faf3690>
gc: collectable <list 0x7f455faf3780>
gc: collectable <_StoreAction 0x7f455faf0890>
gc: collectable <dict 0x7f455faf36e0>
gc: collectable <HelpFormatter 0x7f455faf0910>
gc: collectable <_Section 0x7f455faf0950>
gc: collectable <dict 0x7f455faf38c0>
gc: collectable <list 0x7f455faf37d0>
gc: collectable <dict 0x7f455faf3820>
gc: collectable <list 0x7f455faf3910>
gc: collectable <_StoreAction 0x7f455faf09d0>
gc: collectable <dict 0x7f455faf3870>
gc: collectable <HelpFormatter 0x7f455faf0990>
gc: collectable <_Section 0x7f455faf0a10>
gc: collectable <dict 0x7f455faf3aa0>
gc: collectable <list 0x7f455faf3960>
gc: collectable <dict 0x7f455faf3a00>
gc: collectable <list 0x7f455faf3af0>
gc: collectable <_StoreAction 0x7f455faf0a50>
gc: collectable <dict 0x7f455faf3a50>
gc: collectable <HelpFormatter 0x7f455faf0ad0>
gc: collectable <_Section 0x7f455faf0b10>
gc: collectable <dict 0x7f455faf3c30>
gc: collectable <list 0x7f455faf3b40>
gc: collectable <dict 0x7f455faf3b90>
gc: collectable <list 0x7f455faf3c80>
gc: collectable <_StoreAction 0x7f455faf0b90>
gc: collectable <dict 0x7f455faf3be0>
gc: collectable <HelpFormatter 0x7f455faf0b50>
gc: collectable <_Section 0x7f455faf0bd0>
gc: collectable <dict 0x7f455faf3e10>
gc: collectable <list 0x7f455faf3cd0>
gc: collectable <dict 0x7f455faf3d70>
gc: collectable <list 0x7f455faf3e60>
gc: collectable <_StoreAction 0x7f455faf0c10>
gc: collectable <dict 0x7f455faf3dc0>
gc: collectable <HelpFormatter 0x7f455faf0c90>
gc: collectable <_Section 0x7f455faf0cd0>
gc: collectable <dict 0x7f455faf3fa0>
gc: collectable <list 0x7f455faf3eb0>
gc: collectable <dict 0x7f455faf3f00>
gc: collectable <list 0x7f455fa75050>
gc: collectable <_StoreAction 0x7f455faf0d10>
gc: collectable <dict 0x7f455faf3f50>
gc: collectable <HelpFormatter 0x7f455faf0d90>
gc: collectable <_Section 0x7f455faf0dd0>
gc: collectable <dict 0x7f455fa75190>
gc: collectable <list 0x7f455fa750a0>
gc: collectable <dict 0x7f455fa750f0>
gc: collectable <list 0x7f455fa751e0>
gc: collectable <_StoreAction 0x7f455faf0e10>
gc: collectable <dict 0x7f455fa75140>
gc: collectable <HelpFormatter 0x7f455faf0e90>
gc: collectable <_Section 0x7f455faf0ed0>
gc: collectable <dict 0x7f455fa75320>
gc: collectable <list 0x7f455fa75230>
gc: collectable <dict 0x7f455fa75280>
gc: collectable <list 0x7f455fa75370>
gc: collectable <list 0x7f455fa753c0>
gc: collectable <_StoreAction 0x7f455faf0f10>
gc: collectable <dict 0x7f455fa752d0>
gc: collectable <HelpFormatter 0x7f455faf0f90>
gc: collectable <_Section 0x7f455faf0fd0>
gc: collectable <dict 0x7f455fa75500>
gc: collectable <list 0x7f455fa75410>
gc: collectable <dict 0x7f455fa75460>
gc: collectable <list 0x7f455fa75550>
gc: collectable <_StoreFalseAction 0x7f455fa76050>
gc: collectable <dict 0x7f455fa754b0>
gc: collectable <HelpFormatter 0x7f455fa76090>
gc: collectable <_Section 0x7f455fa76110>
gc: collectable <dict 0x7f455fa756e0>
gc: collectable <list 0x7f455fa755a0>
gc: collectable <dict 0x7f455fa755f0>
gc: collectable <list 0x7f455fa75730>
gc: collectable <_StoreTrueAction 0x7f455fa76190>
gc: collectable <dict 0x7f455fa75640>
gc: collectable <HelpFormatter 0x7f455fa761d0>
gc: collectable <_Section 0x7f455fa76210>
gc: collectable <dict 0x7f455fa75870>
gc: collectable <list 0x7f455fa75690>
gc: collectable <dict 0x7f455fa75780>
[32m[2021-11-07 10:35:02,356] [    INFO][0m - Already cached /mnt/home/kwc/.paddlenlp/models/ernie-2.0-en/ernie_v2_eng_base.pdparams[0m
W1107 10:35:02.358784 770131 device_context.cc:447] Please NOTE: device: 0, GPU Compute Capability: 7.5, Driver API Version: 11.0, Runtime API Version: 10.2
W1107 10:35:02.380271 770131 device_context.cc:465] device: 0, cuDNN Version: 8.0.
slurmstepd-asimov-212: error: *** JOB 7741864 ON asimov-212 CANCELLED AT 2021-11-07T22:35:10 DUE TO TIME LIMIT ***
