gc: collectable <dict 0x7f21ee38cb40>
gc: collectable <type 0x36e7e60>
gc: collectable <tuple 0x7f21ee3836e0>
gc: collectable <dict 0x7f21ee39deb0>
gc: collectable <type 0x36f9df0>
gc: collectable <getset_descriptor 0x7f21ee3a1140>
gc: collectable <getset_descriptor 0x7f21ee3a1190>
gc: collectable <tuple 0x7f21ee39df50>
gc: collectable <dict 0x7f21ee2b8870>
gc: collectable <type 0x374c0c0>
gc: collectable <getset_descriptor 0x7f21ee2b88c0>
gc: collectable <getset_descriptor 0x7f21ee2b8910>
gc: collectable <tuple 0x7f21ee2b8460>
[32m[2021-11-07 12:45:06,713] [    INFO][0m - Already cached /mnt/home/kwc/.paddlenlp/models/ernie-2.0-en/vocab.txt[0m
gc: collectable <dict 0x7f2219ccc230>
gc: collectable <dict 0x7f2219ccc2d0>
gc: collectable <list 0x7f21edf10550>
gc: collectable <list 0x7f21ee1333c0>
gc: collectable <list 0x7f21edf18aa0>
gc: collectable <_ArgumentGroup 0x7f21edf08910>
gc: collectable <dict 0x7f21edf187d0>
gc: collectable <list 0x7f21edf18820>
gc: collectable <list 0x7f21edf18690>
gc: collectable <function 0x7f21ee1a44d0>
gc: collectable <dict 0x7f21edf18410>
gc: collectable <list 0x7f21edf186e0>
gc: collectable <_HelpAction 0x7f2219cc58d0>
gc: collectable <dict 0x7f21edf18870>
gc: collectable <HelpFormatter 0x7f2219cc5990>
gc: collectable <_Section 0x7f2219cc5b50>
gc: collectable <dict 0x7f21edf183c0>
gc: collectable <list 0x7f21edf184b0>
gc: collectable <dict 0x7f21edf185f0>
gc: collectable <dict 0x7f21ee130fa0>
gc: collectable <list 0x7f21edf18d20>
gc: collectable <_StoreAction 0x7f21ee181bd0>
gc: collectable <dict 0x7f2219d30be0>
gc: collectable <HelpFormatter 0x7f21ee181c10>
gc: collectable <_Section 0x7f21ee14d190>
gc: collectable <dict 0x7f21edf18d70>
gc: collectable <list 0x7f21edf18460>
gc: collectable <dict 0x7f21edf18370>
gc: collectable <list 0x7f21edf18780>
gc: collectable <_StoreAction 0x7f21edf14c90>
gc: collectable <dict 0x7f21edf18be0>
gc: collectable <HelpFormatter 0x7f21edf14ed0>
gc: collectable <_Section 0x7f21edf14f50>
gc: collectable <dict 0x7f21edf18640>
gc: collectable <list 0x7f21edf189b0>
gc: collectable <dict 0x7f21edf18730>
gc: collectable <list 0x7f21edf18960>
gc: collectable <_StoreAction 0x7f21edf14fd0>
gc: collectable <dict 0x7f21edf18c30>
gc: collectable <HelpFormatter 0x7f21edf14f90>
gc: collectable <_Section 0x7f21edf1c050>
gc: collectable <dict 0x7f21edf18c80>
gc: collectable <list 0x7f21edf18910>
gc: collectable <dict 0x7f21edf18cd0>
gc: collectable <list 0x7f21edf18e10>
gc: collectable <_StoreAction 0x7f21edf1c090>
gc: collectable <dict 0x7f21edf18e60>
gc: collectable <HelpFormatter 0x7f21edf1c110>
gc: collectable <_Section 0x7f21edf1c150>
gc: collectable <dict 0x7f21edf18f50>
gc: collectable <list 0x7f21edf18550>
gc: collectable <dict 0x7f21edf18eb0>
gc: collectable <list 0x7f21edf18fa0>
gc: collectable <_StoreAction 0x7f21edf1c250>
gc: collectable <dict 0x7f21edf18f00>
gc: collectable <HelpFormatter 0x7f21edf1c290>
gc: collectable <_Section 0x7f21edf1c2d0>
gc: collectable <dict 0x7f21edf1d140>
gc: collectable <list 0x7f21edf1d050>
gc: collectable <dict 0x7f21edf1d0a0>
gc: collectable <list 0x7f21edf1d190>
gc: collectable <_StoreAction 0x7f21edf1c310>
gc: collectable <dict 0x7f21edf1d0f0>
gc: collectable <HelpFormatter 0x7f21edf1c390>
gc: collectable <_Section 0x7f21edf1c3d0>
gc: collectable <dict 0x7f21edf1d2d0>
gc: collectable <list 0x7f21edf1d1e0>
gc: collectable <dict 0x7f21edf1d230>
gc: collectable <list 0x7f21edf1d320>
gc: collectable <_StoreAction 0x7f21edf1c410>
gc: collectable <dict 0x7f21edf1d280>
gc: collectable <HelpFormatter 0x7f21edf1c490>
gc: collectable <_Section 0x7f21edf1c4d0>
gc: collectable <dict 0x7f21edf1d460>
gc: collectable <list 0x7f21edf1d370>
gc: collectable <dict 0x7f21edf1d3c0>
gc: collectable <list 0x7f21edf1d4b0>
gc: collectable <_StoreAction 0x7f21edf1c510>
gc: collectable <dict 0x7f21edf1d410>
gc: collectable <HelpFormatter 0x7f21edf1c590>
gc: collectable <_Section 0x7f21edf1c5d0>
gc: collectable <dict 0x7f21edf1d5f0>
gc: collectable <list 0x7f21edf1d500>
gc: collectable <dict 0x7f21edf1d550>
gc: collectable <list 0x7f21edf1d640>
gc: collectable <_StoreAction 0x7f21edf1c1d0>
gc: collectable <dict 0x7f21edf1d5a0>
gc: collectable <HelpFormatter 0x7f21edf1c650>
gc: collectable <_Section 0x7f21edf1c610>
gc: collectable <dict 0x7f21edf1d780>
gc: collectable <list 0x7f21edf1d690>
gc: collectable <dict 0x7f21edf1d6e0>
gc: collectable <list 0x7f21edf1d7d0>
gc: collectable <_StoreAction 0x7f21edf1c690>
gc: collectable <dict 0x7f21edf1d730>
gc: collectable <HelpFormatter 0x7f21edf1c710>
gc: collectable <_Section 0x7f21edf1c750>
gc: collectable <dict 0x7f21edf1d910>
gc: collectable <list 0x7f21edf1d820>
gc: collectable <dict 0x7f21edf1d870>
gc: collectable <list 0x7f21edf1d960>
gc: collectable <_StoreAction 0x7f21edf1c7d0>
gc: collectable <dict 0x7f21edf1d8c0>
gc: collectable <HelpFormatter 0x7f21edf1c790>
gc: collectable <_Section 0x7f21edf1c810>
gc: collectable <dict 0x7f21edf1daf0>
gc: collectable <list 0x7f21edf1d9b0>
gc: collectable <dict 0x7f21edf1da50>
gc: collectable <list 0x7f21edf1db40>
gc: collectable <_StoreAction 0x7f21edf1c850>
gc: collectable <dict 0x7f21edf1daa0>
gc: collectable <HelpFormatter 0x7f21edf1c8d0>
gc: collectable <_Section 0x7f21edf1c910>
gc: collectable <dict 0x7f21edf1dc80>
gc: collectable <list 0x7f21edf1db90>
gc: collectable <dict 0x7f21edf1dbe0>
gc: collectable <list 0x7f21edf1dcd0>
gc: collectable <_StoreAction 0x7f21edf1c990>
gc: collectable <dict 0x7f21edf1dc30>
gc: collectable <HelpFormatter 0x7f21edf1c950>
gc: collectable <_Section 0x7f21edf1c9d0>
gc: collectable <dict 0x7f21edf1de60>
gc: collectable <list 0x7f21edf1dd20>
gc: collectable <dict 0x7f21edf1ddc0>
gc: collectable <list 0x7f21edf1deb0>
gc: collectable <_StoreAction 0x7f21edf1ca10>
gc: collectable <dict 0x7f21edf1de10>
gc: collectable <HelpFormatter 0x7f21edf1ca90>
gc: collectable <_Section 0x7f21edf1cad0>
gc: collectable <dict 0x7f21ede9f050>
gc: collectable <list 0x7f21edf1df00>
gc: collectable <dict 0x7f21edf1df50>
gc: collectable <list 0x7f21ede9f0a0>
gc: collectable <_StoreAction 0x7f21edf1cb10>
gc: collectable <dict 0x7f21edf1dfa0>
gc: collectable <HelpFormatter 0x7f21edf1cb90>
gc: collectable <_Section 0x7f21edf1cbd0>
gc: collectable <dict 0x7f21ede9f1e0>
gc: collectable <list 0x7f21ede9f0f0>
gc: collectable <dict 0x7f21ede9f140>
gc: collectable <list 0x7f21ede9f230>
gc: collectable <_StoreAction 0x7f21edf1cc10>
gc: collectable <dict 0x7f21ede9f190>
gc: collectable <HelpFormatter 0x7f21edf1cc90>
gc: collectable <_Section 0x7f21edf1ccd0>
gc: collectable <dict 0x7f21ede9f370>
gc: collectable <list 0x7f21ede9f280>
gc: collectable <dict 0x7f21ede9f2d0>
gc: collectable <list 0x7f21ede9f3c0>
gc: collectable <list 0x7f21ede9f410>
gc: collectable <_StoreAction 0x7f21edf1cd10>
gc: collectable <dict 0x7f21ede9f320>
gc: collectable <HelpFormatter 0x7f21edf1cd90>
gc: collectable <_Section 0x7f21edf1cdd0>
gc: collectable <dict 0x7f21ede9f550>
gc: collectable <list 0x7f21ede9f460>
gc: collectable <dict 0x7f21ede9f4b0>
gc: collectable <list 0x7f21ede9f5a0>
gc: collectable <_StoreFalseAction 0x7f21edf1ce10>
gc: collectable <dict 0x7f21ede9f500>
gc: collectable <HelpFormatter 0x7f21edf1ce50>
gc: collectable <_Section 0x7f21edf1ced0>
gc: collectable <dict 0x7f21ede9f730>
gc: collectable <list 0x7f21ede9f5f0>
gc: collectable <dict 0x7f21ede9f640>
gc: collectable <list 0x7f21ede9f780>
gc: collectable <_StoreTrueAction 0x7f21edf1cf50>
gc: collectable <dict 0x7f21ede9f690>
gc: collectable <HelpFormatter 0x7f21edf1cf90>
gc: collectable <_Section 0x7f21edf1cfd0>
gc: collectable <dict 0x7f21ede9f8c0>
gc: collectable <list 0x7f21ede9f6e0>
gc: collectable <dict 0x7f21ede9f7d0>
[32m[2021-11-07 12:45:06,780] [    INFO][0m - Already cached /mnt/home/kwc/.paddlenlp/models/ernie-2.0-en/ernie_v2_eng_base.pdparams[0m
W1107 12:45:06.782003 875141 device_context.cc:447] Please NOTE: device: 0, GPU Compute Capability: 7.5, Driver API Version: 11.0, Runtime API Version: 10.2
W1107 12:45:06.784924 875141 device_context.cc:465] device: 0, cuDNN Version: 8.0.
slurmstepd-asimov-212: error: *** JOB 7741915 ON asimov-212 CANCELLED AT 2021-11-08T00:45:12 DUE TO TIME LIMIT ***
