1 1 tag-adjective-p8-pairs.train tag-adjective-p1-pairs.val
1 1 tag-adjective-p9-pairs.train tag-adjective-p1-pairs.val
1 1 tag-fallows-p7-pairs.train tag-adjective-p1-pairs.val
1 2 tag-fallows-p8-pairs.train tag-adjective-p1-pairs.val
1 2 tag-fallows-p9-pairs.train tag-adjective-p1-pairs.val
1 1 tag-adjective-p8-pairs.train tag-adjective-p2-pairs.val
1 1 tag-adjective-p9-pairs.train tag-adjective-p2-pairs.val
1 1 tag-fallows-p7-pairs.train tag-adjective-p2-pairs.val
1 2 tag-fallows-p8-pairs.train tag-adjective-p2-pairs.val
1 2 tag-fallows-p9-pairs.train tag-adjective-p2-pairs.val
1 1 tag-adjective-p8-pairs.train tag-adjective-p3-pairs.val
1 1 tag-adjective-p9-pairs.train tag-adjective-p3-pairs.val
1 1 tag-fallows-p7-pairs.train tag-adjective-p3-pairs.val
1 2 tag-fallows-p8-pairs.train tag-adjective-p3-pairs.val
1 2 tag-fallows-p9-pairs.train tag-adjective-p3-pairs.val
1 1 tag-adjective-p8-pairs.train tag-adjective-p4-pairs.val
1 1 tag-adjective-p9-pairs.train tag-adjective-p4-pairs.val
1 1 tag-fallows-p7-pairs.train tag-adjective-p4-pairs.val
1 2 tag-fallows-p8-pairs.train tag-adjective-p4-pairs.val
1 2 tag-fallows-p9-pairs.train tag-adjective-p4-pairs.val
1 1 tag-adjective-p7-pairs.train tag-adjective-p5-pairs.val
0.666667 3 tag-adjective-p8-pairs.train tag-adjective-p5-pairs.val
1 7 tag-adjective-p9-pairs.train tag-adjective-p5-pairs.val
1 1 tag-fallows-p6-pairs.train tag-adjective-p5-pairs.val
0.6 5 tag-fallows-p7-pairs.train tag-adjective-p5-pairs.val
0.857143 7 tag-fallows-p8-pairs.train tag-adjective-p5-pairs.val
1 8 tag-fallows-p9-pairs.train tag-adjective-p5-pairs.val
1 1 tag-adjective-p7-pairs.train tag-adjective-p6-pairs.val
0.6 5 tag-adjective-p8-pairs.train tag-adjective-p6-pairs.val
0.818182 11 tag-adjective-p9-pairs.train tag-adjective-p6-pairs.val
1 1 tag-fallows-p6-pairs.train tag-adjective-p6-pairs.val
0.571429 7 tag-fallows-p7-pairs.train tag-adjective-p6-pairs.val
0.818182 11 tag-fallows-p8-pairs.train tag-adjective-p6-pairs.val
1 12 tag-fallows-p9-pairs.train tag-adjective-p6-pairs.val
1 3 tag-adjective-p7-pairs.train tag-adjective-p7-pairs.val
0.764706 17 tag-adjective-p8-pairs.train tag-adjective-p7-pairs.val
0.925926 27 tag-adjective-p9-pairs.train tag-adjective-p7-pairs.val
1 1 tag-fallows-p5-pairs.train tag-adjective-p7-pairs.val
1 3 tag-fallows-p6-pairs.train tag-adjective-p7-pairs.val
0.625 16 tag-fallows-p7-pairs.train tag-adjective-p7-pairs.val
0.818182 22 tag-fallows-p8-pairs.train tag-adjective-p7-pairs.val
1 27 tag-fallows-p9-pairs.train tag-adjective-p7-pairs.val
1 1 tag-adjective-p0-pairs.train tag-adjective-p8-pairs.val
1 1 tag-adjective-p1-pairs.train tag-adjective-p8-pairs.val
1 1 tag-adjective-p2-pairs.train tag-adjective-p8-pairs.val
1 1 tag-adjective-p3-pairs.train tag-adjective-p8-pairs.val
1 2 tag-adjective-p4-pairs.train tag-adjective-p8-pairs.val
1 3 tag-adjective-p5-pairs.train tag-adjective-p8-pairs.val
1 3 tag-adjective-p6-pairs.train tag-adjective-p8-pairs.val
1 10 tag-adjective-p7-pairs.train tag-adjective-p8-pairs.val
0.842105 38 tag-adjective-p8-pairs.train tag-adjective-p8-pairs.val
0.935484 62 tag-adjective-p9-pairs.train tag-adjective-p8-pairs.val
1 2 tag-fallows-p5-pairs.train tag-adjective-p8-pairs.val
0.833333 6 tag-fallows-p6-pairs.train tag-adjective-p8-pairs.val
0.702703 37 tag-fallows-p7-pairs.train tag-adjective-p8-pairs.val
0.793103 58 tag-fallows-p8-pairs.train tag-adjective-p8-pairs.val
0.907692 65 tag-fallows-p9-pairs.train tag-adjective-p8-pairs.val
1 1 tag-adjective-p0-pairs.train tag-adjective-p9-pairs.val
1 1 tag-adjective-p1-pairs.train tag-adjective-p9-pairs.val
1 1 tag-adjective-p2-pairs.train tag-adjective-p9-pairs.val
1 1 tag-adjective-p3-pairs.train tag-adjective-p9-pairs.val
1 2 tag-adjective-p4-pairs.train tag-adjective-p9-pairs.val
1 4 tag-adjective-p5-pairs.train tag-adjective-p9-pairs.val
1 6 tag-adjective-p6-pairs.train tag-adjective-p9-pairs.val
1 16 tag-adjective-p7-pairs.train tag-adjective-p9-pairs.val
0.818182 66 tag-adjective-p8-pairs.train tag-adjective-p9-pairs.val
0.863248 117 tag-adjective-p9-pairs.train tag-adjective-p9-pairs.val
1 2 tag-fallows-p5-pairs.train tag-adjective-p9-pairs.val
0.888889 9 tag-fallows-p6-pairs.train tag-adjective-p9-pairs.val
0.746479 71 tag-fallows-p7-pairs.train tag-adjective-p9-pairs.val
0.857143 112 tag-fallows-p8-pairs.train tag-adjective-p9-pairs.val
0.914062 128 tag-fallows-p9-pairs.train tag-adjective-p9-pairs.val
1 1 tag-adjective-p9-pairs.train tag-fallows-p0-pairs.val
1 3 tag-fallows-p7-pairs.train tag-fallows-p0-pairs.val
0.4 5 tag-fallows-p8-pairs.train tag-fallows-p0-pairs.val
0.666667 6 tag-fallows-p9-pairs.train tag-fallows-p0-pairs.val
1 2 tag-adjective-p9-pairs.train tag-fallows-p1-pairs.val
0 1 tag-fallows-p6-pairs.train tag-fallows-p1-pairs.val
1 5 tag-fallows-p7-pairs.train tag-fallows-p1-pairs.val
0.7 10 tag-fallows-p8-pairs.train tag-fallows-p1-pairs.val
0.833333 12 tag-fallows-p9-pairs.train tag-fallows-p1-pairs.val
1 1 tag-adjective-p8-pairs.train tag-fallows-p2-pairs.val
1 3 tag-adjective-p9-pairs.train tag-fallows-p2-pairs.val
0 2 tag-fallows-p6-pairs.train tag-fallows-p2-pairs.val
0.666667 9 tag-fallows-p7-pairs.train tag-fallows-p2-pairs.val
0.8 15 tag-fallows-p8-pairs.train tag-fallows-p2-pairs.val
0.833333 18 tag-fallows-p9-pairs.train tag-fallows-p2-pairs.val
1 5 tag-adjective-p8-pairs.train tag-fallows-p3-pairs.val
0.9 10 tag-adjective-p9-pairs.train tag-fallows-p3-pairs.val
0.4 5 tag-fallows-p6-pairs.train tag-fallows-p3-pairs.val
0.666667 30 tag-fallows-p7-pairs.train tag-fallows-p3-pairs.val
0.891304 46 tag-fallows-p8-pairs.train tag-fallows-p3-pairs.val
0.938776 49 tag-fallows-p9-pairs.train tag-fallows-p3-pairs.val
1 1 tag-adjective-p7-pairs.train tag-fallows-p4-pairs.val
0.875 8 tag-adjective-p8-pairs.train tag-fallows-p4-pairs.val
0.857143 14 tag-adjective-p9-pairs.train tag-fallows-p4-pairs.val
0.6 10 tag-fallows-p6-pairs.train tag-fallows-p4-pairs.val
0.730769 52 tag-fallows-p7-pairs.train tag-fallows-p4-pairs.val
0.916667 84 tag-fallows-p8-pairs.train tag-fallows-p4-pairs.val
0.924731 93 tag-fallows-p9-pairs.train tag-fallows-p4-pairs.val
1 1 tag-adjective-p7-pairs.train tag-fallows-p5-pairs.val
0.928571 14 tag-adjective-p8-pairs.train tag-fallows-p5-pairs.val
0.807692 26 tag-adjective-p9-pairs.train tag-fallows-p5-pairs.val
1 2 tag-fallows-p5-pairs.train tag-fallows-p5-pairs.val
0.684211 19 tag-fallows-p6-pairs.train tag-fallows-p5-pairs.val
0.76699 103 tag-fallows-p7-pairs.train tag-fallows-p5-pairs.val
0.871951 164 tag-fallows-p8-pairs.train tag-fallows-p5-pairs.val
0.935829 187 tag-fallows-p9-pairs.train tag-fallows-p5-pairs.val
1 3 tag-adjective-p7-pairs.train tag-fallows-p6-pairs.val
0.916667 24 tag-adjective-p8-pairs.train tag-fallows-p6-pairs.val
0.767442 43 tag-adjective-p9-pairs.train tag-fallows-p6-pairs.val
1 1 tag-fallows-p4-pairs.train tag-fallows-p6-pairs.val
1 4 tag-fallows-p5-pairs.train tag-fallows-p6-pairs.val
0.73913 23 tag-fallows-p6-pairs.train tag-fallows-p6-pairs.val
0.73545 189 tag-fallows-p7-pairs.train tag-fallows-p6-pairs.val
0.84858 317 tag-fallows-p8-pairs.train tag-fallows-p6-pairs.val
0.931579 380 tag-fallows-p9-pairs.train tag-fallows-p6-pairs.val
1 1 tag-adjective-p6-pairs.train tag-fallows-p7-pairs.val
1 4 tag-adjective-p7-pairs.train tag-fallows-p7-pairs.val
0.742857 35 tag-adjective-p8-pairs.train tag-fallows-p7-pairs.val
0.729412 85 tag-adjective-p9-pairs.train tag-fallows-p7-pairs.val
1 2 tag-fallows-p4-pairs.train tag-fallows-p7-pairs.val
1 6 tag-fallows-p5-pairs.train tag-fallows-p7-pairs.val
0.75 44 tag-fallows-p6-pairs.train tag-fallows-p7-pairs.val
0.747253 364 tag-fallows-p7-pairs.train tag-fallows-p7-pairs.val
0.862559 633 tag-fallows-p8-pairs.train tag-fallows-p7-pairs.val
0.922266 759 tag-fallows-p9-pairs.train tag-fallows-p7-pairs.val
1 1 tag-adjective-p2-pairs.train tag-fallows-p8-pairs.val
1 1 tag-adjective-p3-pairs.train tag-fallows-p8-pairs.val
1 1 tag-adjective-p4-pairs.train tag-fallows-p8-pairs.val
1 3 tag-adjective-p5-pairs.train tag-fallows-p8-pairs.val
1 4 tag-adjective-p6-pairs.train tag-fallows-p8-pairs.val
1 12 tag-adjective-p7-pairs.train tag-fallows-p8-pairs.val
0.769231 78 tag-adjective-p8-pairs.train tag-fallows-p8-pairs.val
0.763736 182 tag-adjective-p9-pairs.train tag-fallows-p8-pairs.val
1 2 tag-fallows-p3-pairs.train tag-fallows-p8-pairs.val
1 4 tag-fallows-p4-pairs.train tag-fallows-p8-pairs.val
1 12 tag-fallows-p5-pairs.train tag-fallows-p8-pairs.val
0.761905 84 tag-fallows-p6-pairs.train tag-fallows-p8-pairs.val
0.707865 712 tag-fallows-p7-pairs.train tag-fallows-p8-pairs.val
0.851648 1274 tag-fallows-p8-pairs.train tag-fallows-p8-pairs.val
0.920882 1542 tag-fallows-p9-pairs.train tag-fallows-p8-pairs.val
1 1 tag-adjective-p0-pairs.train tag-fallows-p9-pairs.val
1 1 tag-adjective-p1-pairs.train tag-fallows-p9-pairs.val
1 2 tag-adjective-p2-pairs.train tag-fallows-p9-pairs.val
1 2 tag-adjective-p3-pairs.train tag-fallows-p9-pairs.val
1 3 tag-adjective-p4-pairs.train tag-fallows-p9-pairs.val
1 8 tag-adjective-p5-pairs.train tag-fallows-p9-pairs.val
1 14 tag-adjective-p6-pairs.train tag-fallows-p9-pairs.val
1 29 tag-adjective-p7-pairs.train tag-fallows-p9-pairs.val
0.723684 152 tag-adjective-p8-pairs.train tag-fallows-p9-pairs.val
0.786982 338 tag-adjective-p9-pairs.train tag-fallows-p9-pairs.val
1 3 tag-fallows-p3-pairs.train tag-fallows-p9-pairs.val
1 8 tag-fallows-p4-pairs.train tag-fallows-p9-pairs.val
1 26 tag-fallows-p5-pairs.train tag-fallows-p9-pairs.val
0.745455 165 tag-fallows-p6-pairs.train tag-fallows-p9-pairs.val
0.706522 1380 tag-fallows-p7-pairs.train tag-fallows-p9-pairs.val
0.842105 2546 tag-fallows-p8-pairs.train tag-fallows-p9-pairs.val
0.911774 3049 tag-fallows-p9-pairs.train tag-fallows-p9-pairs.val
